c:\users\thanh\documents\github\new folder\file-server\mfcclient\mfcclient\debug\mfcclient.pch
c:\users\thanh\documents\github\new folder\file-server\mfcclient\mfcclient\debug\vc142.pdb
c:\users\thanh\documents\github\new folder\file-server\mfcclient\mfcclient\debug\vc142.idb
c:\users\thanh\documents\github\new folder\file-server\mfcclient\mfcclient\debug\pch.obj
c:\users\thanh\documents\github\new folder\file-server\mfcclient\mfcclient\debug\socket.obj
c:\users\thanh\documents\github\new folder\file-server\mfcclient\mfcclient\debug\mfcclient.obj
c:\users\thanh\documents\github\new folder\file-server\mfcclient\mfcclient\debug\client.obj
c:\users\thanh\documents\github\new folder\file-server\mfcclient\mfcclient\debug\cmenu.obj
c:\users\thanh\documents\github\new folder\file-server\mfcclient\mfcclient\debug\cmfcsignupdlg.obj
c:\users\thanh\documents\github\new folder\file-server\mfcclient\mfcclient\debug\cmfcsignindlg.obj
c:\users\thanh\documents\github\new folder\file-server\mfcclient\mfcclient\debug\cmfcmaindlg.obj
c:\users\thanh\documents\github\new folder\file-server\mfcclient\mfcclient\debug\cmfcfirst.obj
c:\users\thanh\documents\github\new folder\file-server\mfcclient\debug\mfcclient.exe
c:\users\thanh\documents\github\new folder\file-server\mfcclient\debug\mfcclient.ilk
c:\users\thanh\documents\github\new folder\file-server\mfcclient\debug\mfcclient.pdb
c:\users\thanh\documents\github\new folder\file-server\mfcclient\mfcclient\debug\mfcclient.res
c:\users\thanh\documents\github\new folder\file-server\mfcclient\mfcclient\debug\mfcclient.tlog\cl.command.1.tlog
c:\users\thanh\documents\github\new folder\file-server\mfcclient\mfcclient\debug\mfcclient.tlog\cl.read.1.tlog
c:\users\thanh\documents\github\new folder\file-server\mfcclient\mfcclient\debug\mfcclient.tlog\cl.write.1.tlog
c:\users\thanh\documents\github\new folder\file-server\mfcclient\mfcclient\debug\mfcclient.tlog\link.command.1.tlog
c:\users\thanh\documents\github\new folder\file-server\mfcclient\mfcclient\debug\mfcclient.tlog\link.read.1.tlog
c:\users\thanh\documents\github\new folder\file-server\mfcclient\mfcclient\debug\mfcclient.tlog\link.write.1.tlog
c:\users\thanh\documents\github\new folder\file-server\mfcclient\mfcclient\debug\mfcclient.tlog\rc.command.1.tlog
c:\users\thanh\documents\github\new folder\file-server\mfcclient\mfcclient\debug\mfcclient.tlog\rc.read.1.tlog
c:\users\thanh\documents\github\new folder\file-server\mfcclient\mfcclient\debug\mfcclient.tlog\rc.write.1.tlog
